build/app/outputs/mapping/release/seeds.txt
com.pms.pms_telemedicine_flutter.MainActivity
com.pms.pms_telemedicine_flutter.MainActivity: MainActivity()
...
io.flutter.embedding.engine.FlutterOverlaySurface: int getId()
io.flutter.embedding.android.FlutterActivityLaunchConfigs$BackgroundMode: io.flutter.embedding.android.FlutterActivityLaunchConfigs$BackgroundMode[] values()
io.flutter.embedding.engine.FlutterJNI: void init(android.content.Context,java.lang.String[],java.lang.String,java.lang.String,java.lang.String,long)
io.flutter.embedding.engine.mutatorsstack.FlutterMutatorsStack: java.util.List finalClippingPaths
android.support.v4.app.RemoteActionCompatParcelizer: androidx.core.app.RemoteActionCompat read(androidx.versionedparcelable.VersionedParcel)
io.flutter.plugins.GeneratedPluginRegistrant: GeneratedPluginRegistrant()
androidx.lifecycle.Lifecycle$Event: androidx.lifecycle.Lifecycle$Event ON_STOP
io.flutter.embedding.engine.FlutterOverlaySurface
io.flutter.embedding.engine.FlutterJNI: void updateCustomAccessibilityActions(java.nio.ByteBuffer,java.lang.String[])
io.flutter.embedding.engine.FlutterJNI: void updateJavaAssetManager(android.content.res.AssetManager,java.lang.String)
android.support.v4.graphics.drawable.IconCompatParcelizer: void write(androidx.core.graphics.drawable.IconCompat,androidx.versionedparcelable.VersionedParcel)
com.google.common.util.concurrent.AbstractFuture: com.google.common.util.concurrent.AbstractFuture$Listener listeners
io.flutter.embedding.engine.FlutterJNI: io.flutter.view.FlutterCallbackInformation nativeLookupCallbackInformation(long)
io.flutter.view.AccessibilityViewEmbedder: java.util.Map embeddedViewToDisplayBounds
io.flutter.plugin.platform.SingleViewPresentation: SingleViewPresentation(android.content.Context,android.view.Display,io.flutter.plugin.platform.PlatformViewFactory,io.flutter.plugin.platform.AccessibilityEventsDelegate,int,java.lang.Object,android.view.View$OnFocusChangeListener)
io.flutter.plugin.editing.ImeSyncDeferringInsetsCallback$AnimationCallback: ImeSyncDeferringInsetsCallback$AnimationCallback(io.flutter.plugin.editing.ImeSyncDeferringInsetsCallback)
io.flutter.embedding.engine.FlutterJNI: void markTextureFrameAvailable(long)
io.flutter.view.AccessibilityViewEmbedder: void setFlutterNodeParent(android.view.accessibility.AccessibilityNodeInfo,android.view.View,android.view.accessibility.AccessibilityNodeInfo)
io.flutter.embedding.engine.FlutterJNI: void removeEngineLifecycleListener(io.flutter.embedding.engine.FlutterEngine$EngineLifecycleListener)
io.flutter.embedding.engine.systemchannels.PlatformChannel$DeviceOrientation: io.flutter.embedding.engine.systemchannels.PlatformChannel$DeviceOrientation[] values()
io.flutter.plugins.GeneratedPluginRegistrant: void registerWith(io.flutter.embedding.engine.FlutterEngine)
io.flutter.embedding.engine.FlutterJNI: void unregisterTexture(long)
io.flutter.view.AccessibilityViewEmbedder: AccessibilityViewEmbedder(android.view.View,int)
io.flutter.embedding.engine.renderer.SurfaceTextureWrapper: void updateTexImage()
com.google.common.util.concurrent.AbstractFuture: java.lang.Object value
io.flutter.plugin.editing.ImeSyncDeferringInsetsCallback: android.view.WindowInsetsAnimation$Callback getAnimationCallback()
io.flutter.embedding.engine.FlutterJNI: void nativePrefetchDefaultFontManager()
io.flutter.plugin.editing.ImeSyncDeferringInsetsCallback: boolean animating
io.flutter.plugin.editing.ImeSyncDeferringInsetsCallback$AnimationCallback: void onEnd(android.view.WindowInsetsAnimation)
androidx.fragment.app.Fragment$2
androidx.lifecycle.CompositeGeneratedAdaptersObserver
io.flutter.view.AccessibilityBridge$Flag: io.flutter.view.AccessibilityBridge$Flag valueOf(java.lang.String)
io.flutter.embedding.engine.FlutterJNI: boolean nativeFlutterTextUtilsIsEmojiModifierBase(int)
io.flutter.embedding.android.FlutterSplashView$SavedState: android.os.Bundle access$700(io.flutter.embedding.android.FlutterSplashView$SavedState)
io.flutter.embedding.engine.FlutterJNI: void deferredComponentInstallFailure(int,java.lang.String,boolean)