build/app/outputs/mapping/release/mapping.txt
# compiler: R8
# compiler_version: 2.1.62
# min_api: 16
# pg_map_id: 04bd38a
# common_typos_disable
...
io.flutter.plugin.common.StringCodec -> c.a.c.a.s:
    java.nio.charset.Charset UTF8 -> a
    io.flutter.plugin.common.StringCodec INSTANCE -> b
    java.lang.Object decodeMessage(java.nio.ByteBuffer) -> a
    java.nio.ByteBuffer encodeMessage(java.lang.Object) -> b
    java.lang.String decodeMessage(java.nio.ByteBuffer) -> c
    java.nio.ByteBuffer encodeMessage(java.lang.String) -> d
io.flutter.plugin.editing.FlutterTextUtils -> io.flutter.plugin.editing.a:
    io.flutter.embedding.engine.FlutterJNI flutterJNI -> a
    int getOffsetAfter(java.lang.CharSequence,int) -> a
    int getOffsetBefore(java.lang.CharSequence,int) -> b
    boolean isEmoji(int) -> c
    boolean isEmojiModifier(int) -> d
    boolean isEmojiModifierBase(int) -> e
    boolean isKeycapBase(int) -> f
    boolean isRegionalIndicatorSymbol(int) -> g
    boolean isTagSpecChar(int) -> h
    boolean isVariationSelector(int) -> i
io.flutter.plugin.editing.ImeSyncDeferringInsetsCallback$1 -> io.flutter.plugin.editing.ImeSyncDeferringInsetsCallback$a:
io.flutter.plugin.editing.ImeSyncDeferringInsetsCallback$InsetsListener -> io.flutter.plugin.editing.ImeSyncDeferringInsetsCallback$b:
    io.flutter.plugin.editing.ImeSyncDeferringInsetsCallback this$0 -> a
io.flutter.plugin.editing.InputConnectionAdaptor -> io.flutter.plugin.editing.b:
    android.view.inputmethod.InputMethodManager mImm -> k
    int mClient -> b
    android.view.inputmethod.CursorAnchorInfo$Builder mCursorAnchorInfoBuilder -> i
    android.view.inputmethod.ExtractedTextRequest mExtractRequest -> g
    io.flutter.embedding.engine.systemchannels.TextInputChannel textInputChannel -> c
    io.flutter.embedding.android.AndroidKeyProcessor keyProcessor -> d
    android.view.inputmethod.EditorInfo mEditorInfo -> f
    io.flutter.plugin.editing.FlutterTextUtils flutterTextUtils -> m
    android.view.View mFlutterView -> a
    android.text.Layout mLayout -> l
    boolean mMonitorCursorUpdate -> h
    android.view.inputmethod.ExtractedText mExtractedText -> j
    io.flutter.plugin.editing.ListenableEditingState mEditable -> e
    void didChangeEditingState(boolean,boolean,boolean) -> a
    boolean doPerformContextMenuAction(int) -> b
    android.view.inputmethod.CursorAnchorInfo getCursorAnchorInfo() -> c
    android.view.inputmethod.ExtractedText getExtractedText(android.view.inputmethod.ExtractedTextRequest) -> d
io.flutter.plugin.editing.ListenableEditingState -> io.flutter.plugin.editing.c:
    java.lang.String mTextWhenBeginBatchEdit -> f
    int mComposingEndWhenBeginBatchEdit -> j
    int mSelectionEndWhenBeginBatchEdit -> h
    int mComposingStartWhenBeginBatchEdit -> i
    int mSelectionStartWhenBeginBatchEdit -> g
    java.util.ArrayList mPendingListeners -> d
    int mChangeNotificationDepth -> b
    java.util.ArrayList mListeners -> c
    java.lang.String mToStringCache -> e
    int mBatchEditNestDepth -> a
    android.view.inputmethod.BaseInputConnection mDummyConnection -> k
    void addEditingStateListener(io.flutter.plugin.editing.ListenableEditingState$EditingStateWatcher) -> a
    void beginBatchEdit() -> b
    void endBatchEdit() -> c
    int getComposingEnd() -> d
    int getComposingStart() -> e
    int getSelectionEnd() -> f
    int getSelectionStart() -> g
    void notifyListener(io.flutter.plugin.editing.ListenableEditingState$EditingStateWatcher,boolean,boolean,boolean) -> h
    void notifyListenersIfNeeded(boolean,boolean,boolean) -> i
    void removeEditingStateListener(io.flutter.plugin.editing.ListenableEditingState$EditingStateWatcher) -> j
    void setComposingRange(int,int) -> k
    void setEditingState(io.flutter.embedding.engine.systemchannels.TextInputChannel$TextEditState) -> l
io.flutter.plugin.editing.ListenableEditingState$1 -> io.flutter.plugin.editing.c$a:
    android.text.Editable val$self -> a
io.flutter.plugin.editing.ListenableEditingState$EditingStateWatcher -> io.flutter.plugin.editing.c$b:
    void didChangeEditingState(boolean,boolean,boolean) -> a