build/app/outputs/mapping/release/usage.txt
com.pms.pms_telemedicine_flutter.R$integer
com.pms.pms_telemedicine_flutter.R$styleable
com.pms.pms_telemedicine_flutter.R$attr
com.pms.pms_telemedicine_flutter.BuildConfig
com.pms.pms_telemedicine_flutter.R$layout
com.pms.pms_telemedicine_flutter.R$string
com.pms.pms_telemedicine_flutter.R$color
com.pms.pms_telemedicine_flutter.R$drawable
com.pms.pms_telemedicine_flutter.R
com.pms.pms_telemedicine_flutter.R$dimen
com.pms.pms_telemedicine_flutter.R$mipmap
com.pms.pms_telemedicine_flutter.R$style
com.pms.pms_telemedicine_flutter.R$id
...
com.google.common.collect.LinkedHashMultimap$ValueSet$1
android.support.v4.app.INotificationSideChannel$Stub$Proxy
com.google.common.collect.ImmutableMultimap$Builder
com.tekartik.sqflite.operation.BaseReadOperation:
    protected abstract com.tekartik.sqflite.operation.OperationResult getOperationResult()
com.google.common.collect.AbstractTable
androidx.lifecycle.MediatorLiveData
com.google.common.util.concurrent.AbstractService$4
kotlin.ULongKt
kotlin.jvm.internal.ArrayFloatIterator
kotlin.jvm.internal.Lambda
io.flutter.embedding.engine.dart.DartMessenger:
    public void send(java.lang.String,java.nio.ByteBuffer)
    public int getPendingChannelResponseCount()
    private static final java.lang.String TAG
com.google.common.collect.ImmutableMapEntrySet
com.google.common.util.concurrent.ServiceManager$1
androidx.loader.R$string
com.google.common.cache.ForwardingLoadingCache$SimpleForwardingLoadingCache
com.google.common.hash.AbstractCompositeHashFunction
androidx.core.os.LocaleListCompat
androidx.lifecycle.ClassesInfoCache$MethodReference
com.google.common.collect.Multimaps$UnmodifiableMultimap
com.google.common.collect.AllEqualOrdering
androidx.core.view.ViewCompat$UnhandledKeyEventManager
kotlin.contracts.ReturnsNotNull
com.google.common.collect.StandardTable$ColumnMap$ColumnMapValues
androidx.core.provider.FontsContractCompat$4$9
androidx.annotation.AnyRes
com.google.common.collect.LinkedHashMultimap$1
com.google.common.collect.MapMakerInternalMap$KeySet
com.google.common.hash.HashCode$IntHashCode
com.google.common.graph.MultiEdgesConnecting
kotlin.coroutines.experimental.intrinsics.IntrinsicsKt__IntrinsicsKt
kotlin.coroutines.intrinsics.IntrinsicsKt__IntrinsicsJvmKt$createCoroutineUnintercepted$$inlined$createCoroutineFromSuspendFunction$IntrinsicsKt__IntrinsicsJvmKt$4
android.support.v4.app.INotificationSideChannel$Stub
androidx.core.app.JobIntentService$JobServiceEngineImpl
kotlin.jvm.internal.Ref$ByteRef
com.google.common.hash.Hashing$Md5Holder
androidx.core.app.BundleCompat
kotlin.text.StringsKt__StringBuilderKt
com.google.common.graph.ImmutableNetwork
com.google.common.hash.AbstractNonStreamingHashFunction$BufferingHasher
androidx.core.app.NavUtils
androidx.loader.content.CursorLoader
com.google.common.collect.Multisets$DecreasingCount
androidx.core.graphics.ColorUtils
com.google.common.collect.Maps$2
com.google.common.base.Joiner$2
androidx.core.content.res.ResourcesCompat
io.flutter.view.FlutterView$1
com.google.common.util.concurrent.CycleDetectingLockFactory$ExampleStackTrace
com.google.common.collect.SortedMultisets
org.jetbrains.annotations.Contract
com.google.common.collect.UnmodifiableSortedMultiset
com.google.common.cache.LocalCache$Strength
com.google.common.collect.Maps$SortedKeySet
androidx.fragment.app.FragmentTransitionImpl
com.google.common.collect.Multisets$AbstractEntry
androidx.core.view.ViewCompat$3
androidx.arch.core.executor.TaskExecutor
androidx.core.net.DatagramSocketWrapper$DatagramSocketImplWrapper
androidx.core.graphics.PathSegment
com.google.common.io.ByteArrayDataOutput
com.google.common.collect.AbstractMapBasedMultiset$1
com.google.common.net.MediaType$2
kotlin.UnsignedKt
com.google.common.base.VerifyException
com.google.common.collect.Maps$FilteredEntryMap$EntrySet
androidx.core.graphics.drawable.RoundedBitmapDrawable
com.google.common.collect.Synchronized$SynchronizedDeque
kotlin.SafePublicationLazyImpl
kotlin.time.DurationUnitKt__DurationUnitJvmKt
com.google.common.collect.Count
com.google.common.io.ByteProcessor
kotlin.coroutines.jvm.internal.RestrictedSuspendLambda
kotlin.text.StringsKt__RegexExtensionsJVMKt
com.google.common.collect.Tables$TransposeTable
com.google.common.collect.Maps$UnmodifiableEntrySet
com.google.common.collect.Lists$AbstractListWrapper
com.google.common.collect.FilteredEntryMultimap$AsMap$1EntrySetImpl
com.google.common.util.concurrent.CycleDetectingLockFactory$WithExplicitOrdering
androidx.core.database.sqlite.SQLiteCursorCompat